Daemon_logger: Info message received.
MathApplication logs are : 
MULTIPLY operation 
the input numbers are : 5 and 5
the result is : 25

MathApplication logs are : 
MULTIPLY operation 
the input numbers are : 5 and 5
the result is : 25

MathApplication logs are : 
MULTIPLY operation 
the input numbers are : 5 and 5
the result is : 25

MathApplication logs are : 
MULTIPLY operation 
the input numbers are : 5 and 5
the result is : 25

MathApplication logs are : 
MULTIPLY operation 
the input numbers are : 5 and 5
the result is : 25

MathApplication logs are : 
MULTIPLY operation 
the input numbers are : 5 and 5
the result is : 25

MathApplication logs are : 
MULTIPLY operation 
the input numbers are : 5 and 5
the result is : 25

MathApplication logs are : 
MULTIPLY operation 
the input numbers are : 5 and 5
the result is : 25

MathApplication logs are : 
MULTIPLY operation 
the input numbers are : 5 and 5
the result is : 25

MathApplication logs are : 
MULTIPLY operation 
the input numbers are : 5 and 5
